Arguments: 
  /usr/bin/node /usr/local/bin/yarn add materialize-css@next

PATH: 
  /home/vagrant/.rvm/gems/ruby-2.6.10/bin:/home/vagrant/.rvm/gems/ruby-2.6.10@global/bin:/home/vagrant/.rvm/rubies/ruby-2.6.10/bin:/home/vagrant/.rvm/bin:/usr/local/sbin:/usr/local/bin:/usr/sbin:/usr/bin:/sbin:/bin:/usr/games:/usr/local/games:/snap/bin

Yarn version: 
  1.22.19

Node version: 
  8.10.0

Platform: 
  linux x64

Trace: 
  Error: getaddrinfo EAI_AGAIN registry.yarnpkg.com:443
      at Object._errnoException (util.js:1022:11)
      at errnoException (dns.js:55:15)
      at GetAddrInfoReqWrap.onlookup [as oncomplete] (dns.js:92:26)

npm manifest: 
  {
    "name": "ProjetoFinal",
    "private": true,
    "dependencies": {
      "jquery": "^3.7.1",
      "notify-js-legacy": "^0.4.1"
    },
    "version": "1.0.0",
    "main": "index.js",
    "author": "Guilherme M <guimagioni@gmail.com>",
    "license": "MIT"
  }

yarn manifest: 
  No manifest

Lockfile: 
  # THIS IS AN AUTOGENERATED FILE. DO NOT EDIT THIS FILE DIRECTLY.
  # yarn lockfile v1
  
  
  jquery@^3.7.1:
    version "3.7.1"
    resolved "https://registry.yarnpkg.com/jquery/-/jquery-3.7.1.tgz#083ef98927c9a6a74d05a6af02806566d16274de"
    integrity sha512-m4avr8yL8kmFN8psrbFFFmB/If14iN5o9nw/NgnnM+kybDJpRsAynV2BsfpTYrTRysYUdADVD7CkUUizgkpLfg==
  
  notify-js-legacy@^0.4.1:
    version "0.4.1"
    resolved "https://registry.yarnpkg.com/notify-js-legacy/-/notify-js-legacy-0.4.1.tgz#d8cd3a03a16de5018b469ed578f9cd0a5d98afa7"
    integrity sha512-v9tUdioFeizt2Y+wD9Vg4MWN8zbX5BTLfjHMO9UBKKLODZSsfnlV+MWONWVldB6sXqvg3AbaYB407WxnmYZk/g==
